<?xml version="1.0" encoding="UTF-8"?>
<beans xmlns="http://www.springframework.org/schema/beans"
       xmlns:xsi="http://www.w3.org/2001/XMLSchema-instance"
       xmlns:context="http://www.springframework.org/schema/context"
       xmlns:jdbc="http://www.springframework.org/schema/jdbc"
       xmlns:aop="http://www.springframework.org/schema/aop"
       xmlns:tx="http://www.springframework.org/schema/tx"
       xmlns:p="http://www.springframework.org/schema/p"
       xmlns:cache="http://www.springframework.org/schema/cache"
       xmlns:jpa="http://www.springframework.org/schema/data/jpa"

       xsi:schemaLocation="http://www.springframework.org/schema/beans
          http://www.springframework.org/schema/beans/spring-beans-3.1.xsd
          http://www.springframework.org/schema/context
          http://www.springframework.org/schema/context/spring-context-3.1.xsd
          http://www.springframework.org/schema/aop
          http://www.springframework.org/schema/aop/spring-aop-3.1.xsd
          http://www.springframework.org/schema/tx
          http://www.springframework.org/schema/tx/spring-tx-3.1.xsd
          http://www.springframework.org/schema/cache
          http://www.springframework.org/schema/cache/spring-cache-3.1.xsd
          http://www.springframework.org/schema/data/jpa
          http://www.springframework.org/schema/data/jpa/spring-jpa.xsd
          http://www.springframework.org/schema/jdbc
          http://www.springframework.org/schema/jdbc/spring-jdbc.xsd">
    <!-- Spring Simple连接池 -->
    <!-- http://www.h2database.com/html/download.html H2 Database 内存或服务 -->
    <bean id="dataSource" class="org.springframework.jdbc.datasource.SimpleDriverDataSource">
        <property name="driverClass" value="org.h2.Driver"/>
        <property name="url" value="jdbc:h2:mem:csencrypt;DB_CLOSE_DELAY=-1"/>
        <!--<property name="url" value="jdbc:h2:tcp://localhost/~/test"/>-->
        <property name="username" value="sa"/>
        <property name="password" value=""/>
    </bean>

    <!-- 初始化数据表结构 -->
    <jdbc:initialize-database data-source="dataSource" ignore-failures="ALL">
        <jdbc:script location="classpath:db/schema.sql"/>
        <jdbc:script location="classpath:db/data.sql" encoding="UTF-8"/>
    </jdbc:initialize-database>

    <bean id="entityManagerFactory"
          class="org.springframework.orm.jpa.LocalContainerEntityManagerFactoryBean">
        <property name="dataSource" ref="dataSource" />
        <property name="jpaVendorAdapter">
            <bean class="org.springframework.orm.jpa.vendor.HibernateJpaVendorAdapter">
                <property name="generateDdl" value="true" />
                <property name="database" value="H2" />
            </bean>
        </property>
        <property name="persistenceUnitName" value="myJPA" />
    </bean>

    <bean id="transactionManager" class="org.springframework.orm.jpa.JpaTransactionManager">
        <property name="entityManagerFactory" ref="entityManagerFactory" />
    </bean>

    <!-- 配置Spring Data JPA扫描目录-->
    <jpa:repositories base-package="cn.csbit.repository"/>

    <!-- 基于注解的事务管理 -->
    <tx:annotation-driven />
</beans>